[2019-09-30 22:24:02,208] multiqc                                            [DEBUG  ]  No MultiQC config found: /export/jonassenfs/xiaokangz/tools/miniconda3/envs/temp/lib/python3.6/site-packages/multiqc_config.yaml
[2019-09-30 22:24:02,209] multiqc                                            [DEBUG  ]  No MultiQC config found: /Home/ii/xiaokangz/.multiqc_config.yaml
[2019-09-30 22:24:02,209] multiqc                                            [DEBUG  ]  No MultiQC config found: multiqc_config.yaml
[2019-09-30 22:24:02,210] multiqc                                            [DEBUG  ]  Command used: /export/jonassenfs/xiaokangz/tools/miniconda3/envs/temp/bin/multiqc output_example/fastqc --filename output_example/fastqc/report_quality_control.html
[2019-09-30 22:24:02,691] multiqc                                            [WARNING]  MultiQC Version v1.7 now available!
[2019-09-30 22:24:02,691] multiqc                                            [INFO   ]  This is MultiQC v1.5.dev0
[2019-09-30 22:24:02,691] multiqc                                            [DEBUG  ]  Command     : /export/jonassenfs/xiaokangz/tools/miniconda3/envs/temp/bin/multiqc output_example/fastqc --filename output_example/fastqc/report_quality_control.html
[2019-09-30 22:24:02,691] multiqc                                            [DEBUG  ]  Working dir : /export/jonassenfs/xiaokangz/project/temp/RNA-Seq-analysis
[2019-09-30 22:24:02,692] multiqc                                            [INFO   ]  Template    : default
[2019-09-30 22:24:02,692] multiqc                                            [INFO   ]  Searching 'output_example/fastqc'
[2019-09-30 22:24:02,693] multiqc                                            [DEBUG  ]  Analysing modules: afterqc, custom_content, conpair, peddy, methylQA, qualimap, preseq, quast, qorts, rna_seqc, rsem, rseqc, busco, goleft_indexcov, disambiguate, supernova, deeptools, sargasso, verifybamid, homer, macs2, theta2, snpeff, gatk, htseq, bcftools, featureCounts, picard, prokka, samblaster, samtools, bamtools, jellyfish, vcftools, bbmap, bismark, hicexplorer, hicup, salmon, kallisto, slamdunk, star, hisat2, tophat, bowtie2, bowtie1, leehom, adapterRemoval, cutadapt, flexbar, trimmomatic, skewer, sortmerna, biobloomtools, fastq_screen, fastqc, clusterflow, bcl2fastq, interop
[2019-09-30 22:24:02,693] multiqc                                            [DEBUG  ]  Using temporary directory for creating report: /tmp/tmpxj5mgc2g
[2019-09-30 22:24:03,361] multiqc                                            [DEBUG  ]  Ignoring file as matched an ignore pattern: SRR1039513_forward_fastqc.html
[2019-09-30 22:24:03,362] multiqc                                            [DEBUG  ]  Ignoring file as matched an ignore pattern: SRR1039513_reverse_fastqc.html
[2019-09-30 22:24:03,363] multiqc                                            [DEBUG  ]  Ignoring file as matched an ignore pattern: SRR1039509_forward_fastqc.html
[2019-09-30 22:24:03,364] multiqc                                            [DEBUG  ]  Ignoring file as matched an ignore pattern: SRR1039509_reverse_fastqc.html
[2019-09-30 22:24:03,365] multiqc                                            [DEBUG  ]  Ignoring file as matched an ignore pattern: SRR1039512_forward_fastqc.html
[2019-09-30 22:24:03,366] multiqc                                            [DEBUG  ]  Ignoring file as matched an ignore pattern: SRR1039512_reverse_fastqc.html
[2019-09-30 22:24:03,367] multiqc                                            [DEBUG  ]  Ignoring file as matched an ignore pattern: SRR1039508_forward_fastqc.html
[2019-09-30 22:24:03,368] multiqc                                            [DEBUG  ]  Ignoring file as matched an ignore pattern: SRR1039508_reverse_fastqc.html
[2019-09-30 22:24:05,244] multiqc                                            [DEBUG  ]  No samples found: afterqc
[2019-09-30 22:24:05,344] multiqc                                            [DEBUG  ]  No samples found: custom_content
[2019-09-30 22:24:05,379] multiqc                                            [DEBUG  ]  No samples found: conpair
[2019-09-30 22:24:05,420] multiqc                                            [DEBUG  ]  No samples found: peddy
[2019-09-30 22:24:05,448] multiqc                                            [DEBUG  ]  No samples found: methylQA
[2019-09-30 22:24:05,498] multiqc                                            [DEBUG  ]  No samples found: qualimap
[2019-09-30 22:24:05,534] multiqc                                            [DEBUG  ]  No samples found: preseq
[2019-09-30 22:24:05,567] multiqc                                            [DEBUG  ]  No samples found: quast
[2019-09-30 22:24:05,599] multiqc                                            [DEBUG  ]  No samples found: qorts
[2019-09-30 22:24:05,634] multiqc                                            [DEBUG  ]  No samples found: rna_seqc
[2019-09-30 22:24:05,660] multiqc                                            [DEBUG  ]  No samples found: rsem
[2019-09-30 22:24:05,746] multiqc                                            [DEBUG  ]  No samples found: rseqc
[2019-09-30 22:24:05,768] multiqc                                            [DEBUG  ]  No samples found: busco
[2019-09-30 22:24:05,803] multiqc                                            [DEBUG  ]  No samples found: goleft_indexcov
[2019-09-30 22:24:05,829] multiqc                                            [DEBUG  ]  No samples found: disambiguate
[2019-09-30 22:24:05,846] multiqc                                            [DEBUG  ]  No samples found: supernova
[2019-09-30 22:24:05,913] multiqc                                            [DEBUG  ]  No samples found: deeptools
[2019-09-30 22:24:05,933] multiqc                                            [DEBUG  ]  No samples found: sargasso
[2019-09-30 22:24:05,959] multiqc                                            [DEBUG  ]  No samples found: verifybamid
[2019-09-30 22:24:05,990] multiqc                                            [DEBUG  ]  No samples found: homer
[2019-09-30 22:24:06,008] multiqc                                            [DEBUG  ]  No samples found: macs2
[2019-09-30 22:24:06,024] multiqc                                            [DEBUG  ]  No samples found: theta2
[2019-09-30 22:24:06,050] multiqc                                            [DEBUG  ]  No samples found: snpeff
[2019-09-30 22:24:06,095] multiqc                                            [DEBUG  ]  No samples found: gatk
[2019-09-30 22:24:06,112] multiqc                                            [DEBUG  ]  No samples found: htseq
[2019-09-30 22:24:06,143] multiqc                                            [DEBUG  ]  No samples found: bcftools
[2019-09-30 22:24:06,159] multiqc                                            [DEBUG  ]  No samples found: featureCounts
[2019-09-30 22:24:06,229] multiqc                                            [DEBUG  ]  No samples found: picard
[2019-09-30 22:24:06,245] multiqc                                            [DEBUG  ]  No samples found: prokka
[2019-09-30 22:24:06,261] multiqc                                            [DEBUG  ]  No samples found: samblaster
[2019-09-30 22:24:06,329] multiqc                                            [DEBUG  ]  No samples found: samtools
[2019-09-30 22:24:06,360] multiqc                                            [DEBUG  ]  No samples found: bamtools
[2019-09-30 22:24:06,376] multiqc                                            [DEBUG  ]  No samples found: jellyfish
[2019-09-30 22:24:06,417] multiqc                                            [DEBUG  ]  No samples found: vcftools
[2019-09-30 22:24:06,505] multiqc                                            [DEBUG  ]  No samples found: bbmap
[2019-09-30 22:24:06,537] multiqc                                            [DEBUG  ]  No samples found: bismark
[2019-09-30 22:24:06,553] multiqc                                            [DEBUG  ]  No samples found: hicexplorer
[2019-09-30 22:24:06,570] multiqc                                            [DEBUG  ]  No samples found: hicup
[2019-09-30 22:24:06,587] multiqc                                            [DEBUG  ]  No samples found: salmon
[2019-09-30 22:24:06,603] multiqc                                            [DEBUG  ]  No samples found: kallisto
[2019-09-30 22:24:06,631] multiqc                                            [DEBUG  ]  No samples found: slamdunk
[2019-09-30 22:24:06,648] multiqc                                            [DEBUG  ]  No samples found: star
[2019-09-30 22:24:06,673] multiqc                                            [DEBUG  ]  No samples found: hisat2
[2019-09-30 22:24:06,689] multiqc                                            [DEBUG  ]  No samples found: tophat
[2019-09-30 22:24:06,718] multiqc                                            [DEBUG  ]  No samples found: bowtie2
[2019-09-30 22:24:06,740] multiqc                                            [DEBUG  ]  No samples found: bowtie1
[2019-09-30 22:24:06,756] multiqc                                            [DEBUG  ]  No samples found: leehom
[2019-09-30 22:24:06,773] multiqc                                            [DEBUG  ]  No samples found: adapterRemoval
[2019-09-30 22:24:06,790] multiqc                                            [DEBUG  ]  No samples found: cutadapt
[2019-09-30 22:24:06,806] multiqc                                            [DEBUG  ]  No samples found: flexbar
[2019-09-30 22:24:06,822] multiqc                                            [DEBUG  ]  No samples found: trimmomatic
[2019-09-30 22:24:06,838] multiqc                                            [DEBUG  ]  No samples found: skewer
[2019-09-30 22:24:06,855] multiqc                                            [DEBUG  ]  No samples found: sortmerna
[2019-09-30 22:24:06,871] multiqc                                            [DEBUG  ]  No samples found: biobloomtools
[2019-09-30 22:24:06,887] multiqc                                            [DEBUG  ]  No samples found: fastq_screen
[2019-09-30 22:24:07,235] multiqc.modules.fastqc.fastqc                      [INFO   ]  Found 8 reports
[2019-09-30 22:24:07,685] multiqc                                            [DEBUG  ]  No samples found: clusterflow
[2019-09-30 22:24:07,701] multiqc                                            [DEBUG  ]  No samples found: bcl2fastq
[2019-09-30 22:24:07,717] multiqc                                            [DEBUG  ]  No samples found: interop
[2019-09-30 22:24:07,763] multiqc                                            [INFO   ]  Compressing plot data
[2019-09-30 22:24:08,148] multiqc                                            [INFO   ]  Report      : output_example/fastqc/report_quality_control.html
[2019-09-30 22:24:08,149] multiqc                                            [INFO   ]  Data        : output_example/fastqc/report_quality_control_data
[2019-09-30 22:24:08,150] multiqc                                            [DEBUG  ]  Moving data file from '/tmp/tmpxj5mgc2g/multiqc_data/multiqc_general_stats.txt' to '/export/jonassenfs/xiaokangz/project/temp/RNA-Seq-analysis/output_example/fastqc/report_quality_control_data'
[2019-09-30 22:24:08,156] multiqc                                            [DEBUG  ]  Moving data file from '/tmp/tmpxj5mgc2g/multiqc_data/multiqc_fastqc.txt' to '/export/jonassenfs/xiaokangz/project/temp/RNA-Seq-analysis/output_example/fastqc/report_quality_control_data'
[2019-09-30 22:24:08,160] multiqc                                            [DEBUG  ]  Moving data file from '/tmp/tmpxj5mgc2g/multiqc_data/multiqc_data.json' to '/export/jonassenfs/xiaokangz/project/temp/RNA-Seq-analysis/output_example/fastqc/report_quality_control_data'
[2019-09-30 22:24:08,172] multiqc                                            [DEBUG  ]  Moving data file from '/tmp/tmpxj5mgc2g/multiqc_data/multiqc_sources.txt' to '/export/jonassenfs/xiaokangz/project/temp/RNA-Seq-analysis/output_example/fastqc/report_quality_control_data'
[2019-09-30 22:24:08,916] multiqc                                            [INFO   ]  MultiQC complete
