[2019-09-01 17:35:26.193] [jointLog] [info] Fragment incompatibility prior below threshold.  Incompatible fragments will be ignored.
[2019-09-01 17:35:26.193] [jointLog] [info] Usage of --validateMappings implies use of minScoreFraction. Since not explicitly specified, it is being set to 0.65
[2019-09-01 17:35:26.193] [jointLog] [info] Usage of --validateMappings, without --hardFilter implies use of range factorization. rangeFactorizationBins is being set to 4
[2019-09-01 17:35:26.193] [jointLog] [info] Usage of --validateMappings implies a default consensus slack of 0.2. Setting consensusSlack to 0.2.
[2019-09-01 17:35:26.193] [jointLog] [info] parsing read library format
[2019-09-01 17:35:26.193] [jointLog] [info] There is 1 library.
[2019-09-01 17:35:26.283] [jointLog] [info] Loading Quasi index
[2019-09-01 17:35:26.283] [jointLog] [info] Loading 32-bit quasi index
[2019-09-01 17:35:26.523] [jointLog] [info] done
[2019-09-01 17:35:26.523] [jointLog] [info] Index contained 1,109 targets
[2019-09-01 17:35:27.490] [jointLog] [info] Automatically detected most likely library type as IU
[2019-09-01 17:35:27.566] [jointLog] [info] Computed 1,207 rich equivalence classes for further processing
[2019-09-01 17:35:27.566] [jointLog] [info] Counted 42,163 total reads in the equivalence classes 
[2019-09-01 17:35:27.601] [jointLog] [info] Number of mappings discarded because of alignment score : 844
[2019-09-01 17:35:27.601] [jointLog] [info] Number of fragments entirely discarded because of alignment score : 990
[2019-09-01 17:35:27.601] [jointLog] [info] Number of fragments discarded because they are best-mapped to decoys : 0
[2019-09-01 17:35:27.601] [jointLog] [info] Number of fragments discarded because they have only dovetail (discordant) mappings : 33
[2019-09-01 17:35:27.602] [jointLog] [warning] Only 42163 fragments were mapped, but the number of burn-in fragments was set to 5000000.
The effective lengths have been computed using the observed mappings.

[2019-09-01 17:35:27.602] [jointLog] [info] Mapping rate = 87.4461%

[2019-09-01 17:35:27.602] [jointLog] [info] finished quantifyLibrary()
[2019-09-01 17:35:27.606] [jointLog] [info] Starting optimizer
[2019-09-01 17:35:27.613] [jointLog] [info] Marked 0 weighted equivalence classes as degenerate
[2019-09-01 17:35:27.619] [jointLog] [info] iteration = 0 | max rel diff. = 631.696
[2019-09-01 17:35:27.628] [jointLog] [info] iteration 11, adjusting effective lengths to account for biases
[2019-09-01 17:35:27.641] [jointLog] [info] Computed expected counts (for bias correction)
[2019-09-01 17:35:27.642] [jointLog] [info] processed bias for 0.1% of the transcripts
[2019-09-01 17:35:27.654] [jointLog] [info] processed bias for 10.0% of the transcripts
[2019-09-01 17:35:27.668] [jointLog] [info] processed bias for 19.9% of the transcripts
[2019-09-01 17:35:27.678] [jointLog] [info] processed bias for 29.8% of the transcripts
[2019-09-01 17:35:27.693] [jointLog] [info] processed bias for 100.0% of the transcripts
[2019-09-01 17:35:27.724] [jointLog] [info] iteration = 100 | max rel diff. = 0.0421412
[2019-09-01 17:35:27.762] [jointLog] [info] iteration = 200 | max rel diff. = 4.22203
[2019-09-01 17:35:27.762] [jointLog] [info] iteration = 202 | max rel diff. = 0.00136835
[2019-09-01 17:35:27.762] [jointLog] [info] Finished optimizer
[2019-09-01 17:35:27.762] [jointLog] [info] writing output 

[2019-09-01 17:35:27.568] [fileLog] [info] 
At end of round 0
==================
Observed 48216 total fragments (48216 in most recent round)

