[2019-09-30 23:06:50,828] multiqc                                            [DEBUG  ]  No MultiQC config found: /export/jonassenfs/xiaokangz/tools/miniconda3/envs/temp/lib/python3.6/site-packages/multiqc_config.yaml
[2019-09-30 23:06:50,829] multiqc                                            [DEBUG  ]  No MultiQC config found: /Home/ii/xiaokangz/.multiqc_config.yaml
[2019-09-30 23:06:50,829] multiqc                                            [DEBUG  ]  No MultiQC config found: multiqc_config.yaml
[2019-09-30 23:06:50,829] multiqc                                            [DEBUG  ]  Command used: /export/jonassenfs/xiaokangz/tools/miniconda3/envs/temp/bin/multiqc output_example/genome/alignmentQC/SRR1039508_BAMqc output_example/genome/alignmentQC/SRR1039509_BAMqc output_example/genome/alignmentQC/SRR1039512_BAMqc output_example/genome/alignmentQC/SRR1039513_BAMqc output_example/genome/countFile/SRR1039508_count.tsv.summary output_example/genome/countFile/SRR1039509_count.tsv.summary output_example/genome/countFile/SRR1039512_count.tsv.summary output_example/genome/countFile/SRR1039513_count.tsv.summary --filename output_example/genome/report_align_count.html
[2019-09-30 23:06:51,235] multiqc                                            [WARNING]  MultiQC Version v1.7 now available!
[2019-09-30 23:06:51,235] multiqc                                            [INFO   ]  This is MultiQC v1.5.dev0
[2019-09-30 23:06:51,235] multiqc                                            [DEBUG  ]  Command     : /export/jonassenfs/xiaokangz/tools/miniconda3/envs/temp/bin/multiqc output_example/genome/alignmentQC/SRR1039508_BAMqc output_example/genome/alignmentQC/SRR1039509_BAMqc output_example/genome/alignmentQC/SRR1039512_BAMqc output_example/genome/alignmentQC/SRR1039513_BAMqc output_example/genome/countFile/SRR1039508_count.tsv.summary output_example/genome/countFile/SRR1039509_count.tsv.summary output_example/genome/countFile/SRR1039512_count.tsv.summary output_example/genome/countFile/SRR1039513_count.tsv.summary --filename output_example/genome/report_align_count.html
[2019-09-30 23:06:51,235] multiqc                                            [DEBUG  ]  Working dir : /export/jonassenfs/xiaokangz/project/temp/RNA-Seq-analysis
[2019-09-30 23:06:51,236] multiqc                                            [INFO   ]  Template    : default
[2019-09-30 23:06:51,236] multiqc                                            [INFO   ]  Searching 'output_example/genome/alignmentQC/SRR1039508_BAMqc'
[2019-09-30 23:06:51,236] multiqc                                            [INFO   ]  Searching 'output_example/genome/alignmentQC/SRR1039509_BAMqc'
[2019-09-30 23:06:51,236] multiqc                                            [INFO   ]  Searching 'output_example/genome/alignmentQC/SRR1039512_BAMqc'
[2019-09-30 23:06:51,236] multiqc                                            [INFO   ]  Searching 'output_example/genome/alignmentQC/SRR1039513_BAMqc'
[2019-09-30 23:06:51,237] multiqc                                            [INFO   ]  Searching 'output_example/genome/countFile/SRR1039508_count.tsv.summary'
[2019-09-30 23:06:51,237] multiqc                                            [INFO   ]  Searching 'output_example/genome/countFile/SRR1039509_count.tsv.summary'
[2019-09-30 23:06:51,237] multiqc                                            [INFO   ]  Searching 'output_example/genome/countFile/SRR1039512_count.tsv.summary'
[2019-09-30 23:06:51,237] multiqc                                            [INFO   ]  Searching 'output_example/genome/countFile/SRR1039513_count.tsv.summary'
[2019-09-30 23:06:51,238] multiqc                                            [DEBUG  ]  Analysing modules: afterqc, custom_content, conpair, peddy, methylQA, qualimap, preseq, quast, qorts, rna_seqc, rsem, rseqc, busco, goleft_indexcov, disambiguate, supernova, deeptools, sargasso, verifybamid, homer, macs2, theta2, snpeff, gatk, htseq, bcftools, featureCounts, picard, prokka, samblaster, samtools, bamtools, jellyfish, vcftools, bbmap, bismark, hicexplorer, hicup, salmon, kallisto, slamdunk, star, hisat2, tophat, bowtie2, bowtie1, leehom, adapterRemoval, cutadapt, flexbar, trimmomatic, skewer, sortmerna, biobloomtools, fastq_screen, fastqc, clusterflow, bcl2fastq, interop
[2019-09-30 23:06:51,239] multiqc                                            [DEBUG  ]  Using temporary directory for creating report: /tmp/tmpp5lbqb0g
[2019-09-30 23:06:51,593] multiqc                                            [DEBUG  ]  Ignoring file as matched an ignore pattern: qualimapReport.html
[2019-09-30 23:06:52,414] multiqc                                            [DEBUG  ]  Ignoring file as matched an ignore pattern: qualimapReport.html
[2019-09-30 23:06:53,229] multiqc                                            [DEBUG  ]  Ignoring file as matched an ignore pattern: qualimapReport.html
[2019-09-30 23:06:54,042] multiqc                                            [DEBUG  ]  Ignoring file as matched an ignore pattern: qualimapReport.html
[2019-09-30 23:06:55,648] multiqc                                            [DEBUG  ]  No samples found: afterqc
[2019-09-30 23:06:55,668] multiqc                                            [DEBUG  ]  No samples found: custom_content
[2019-09-30 23:06:55,682] multiqc                                            [DEBUG  ]  No samples found: conpair
[2019-09-30 23:06:55,696] multiqc                                            [DEBUG  ]  No samples found: peddy
[2019-09-30 23:06:55,710] multiqc                                            [DEBUG  ]  No samples found: methylQA
[2019-09-30 23:06:55,820] multiqc.modules.qualimap.QM_BamQC                  [DEBUG  ]  Using default Qualimap thresholds: 1, 5, 10, 30, 50
[2019-09-30 23:06:55,917] multiqc.modules.qualimap.qualimap                  [INFO   ]  Found 4 BamQC reports
[2019-09-30 23:06:55,932] multiqc                                            [DEBUG  ]  No samples found: preseq
[2019-09-30 23:06:55,946] multiqc                                            [DEBUG  ]  No samples found: quast
[2019-09-30 23:06:55,966] multiqc                                            [DEBUG  ]  No samples found: qorts
[2019-09-30 23:06:55,981] multiqc                                            [DEBUG  ]  No samples found: rna_seqc
[2019-09-30 23:06:55,995] multiqc                                            [DEBUG  ]  No samples found: rsem
[2019-09-30 23:06:56,022] multiqc                                            [DEBUG  ]  No samples found: rseqc
[2019-09-30 23:06:56,036] multiqc                                            [DEBUG  ]  No samples found: busco
[2019-09-30 23:06:56,050] multiqc                                            [DEBUG  ]  No samples found: goleft_indexcov
[2019-09-30 23:06:56,064] multiqc                                            [DEBUG  ]  No samples found: disambiguate
[2019-09-30 23:06:56,078] multiqc                                            [DEBUG  ]  No samples found: supernova
[2019-09-30 23:06:56,101] multiqc                                            [DEBUG  ]  No samples found: deeptools
[2019-09-30 23:06:56,115] multiqc                                            [DEBUG  ]  No samples found: sargasso
[2019-09-30 23:06:56,130] multiqc                                            [DEBUG  ]  No samples found: verifybamid
[2019-09-30 23:06:56,147] multiqc                                            [DEBUG  ]  No samples found: homer
[2019-09-30 23:06:56,161] multiqc                                            [DEBUG  ]  No samples found: macs2
[2019-09-30 23:06:56,176] multiqc                                            [DEBUG  ]  No samples found: theta2
[2019-09-30 23:06:56,190] multiqc                                            [DEBUG  ]  No samples found: snpeff
[2019-09-30 23:06:56,208] multiqc                                            [DEBUG  ]  No samples found: gatk
[2019-09-30 23:06:56,221] multiqc                                            [DEBUG  ]  No samples found: htseq
[2019-09-30 23:06:56,237] multiqc                                            [DEBUG  ]  No samples found: bcftools
[2019-09-30 23:06:56,258] multiqc.modules.featureCounts.feature_counts       [INFO   ]  Found 4 reports
[2019-09-30 23:06:56,300] multiqc                                            [DEBUG  ]  No samples found: picard
[2019-09-30 23:06:56,314] multiqc                                            [DEBUG  ]  No samples found: prokka
[2019-09-30 23:06:56,328] multiqc                                            [DEBUG  ]  No samples found: samblaster
[2019-09-30 23:06:56,348] multiqc                                            [DEBUG  ]  No samples found: samtools
[2019-09-30 23:06:56,365] multiqc                                            [DEBUG  ]  No samples found: bamtools
[2019-09-30 23:06:56,378] multiqc                                            [DEBUG  ]  No samples found: jellyfish
[2019-09-30 23:06:56,398] multiqc                                            [DEBUG  ]  No samples found: vcftools
[2019-09-30 23:06:56,429] multiqc                                            [DEBUG  ]  No samples found: bbmap
[2019-09-30 23:06:56,443] multiqc                                            [DEBUG  ]  No samples found: bismark
[2019-09-30 23:06:56,457] multiqc                                            [DEBUG  ]  No samples found: hicexplorer
[2019-09-30 23:06:56,471] multiqc                                            [DEBUG  ]  No samples found: hicup
[2019-09-30 23:06:56,485] multiqc                                            [DEBUG  ]  No samples found: salmon
[2019-09-30 23:06:56,499] multiqc                                            [DEBUG  ]  No samples found: kallisto
[2019-09-30 23:06:56,514] multiqc                                            [DEBUG  ]  No samples found: slamdunk
[2019-09-30 23:06:56,528] multiqc                                            [DEBUG  ]  No samples found: star
[2019-09-30 23:06:56,542] multiqc                                            [DEBUG  ]  No samples found: hisat2
[2019-09-30 23:06:56,556] multiqc                                            [DEBUG  ]  No samples found: tophat
[2019-09-30 23:06:56,570] multiqc                                            [DEBUG  ]  No samples found: bowtie2
[2019-09-30 23:06:56,585] multiqc                                            [DEBUG  ]  No samples found: bowtie1
[2019-09-30 23:06:56,598] multiqc                                            [DEBUG  ]  No samples found: leehom
[2019-09-30 23:06:56,613] multiqc                                            [DEBUG  ]  No samples found: adapterRemoval
[2019-09-30 23:06:56,627] multiqc                                            [DEBUG  ]  No samples found: cutadapt
[2019-09-30 23:06:56,641] multiqc                                            [DEBUG  ]  No samples found: flexbar
[2019-09-30 23:06:56,655] multiqc                                            [DEBUG  ]  No samples found: trimmomatic
[2019-09-30 23:06:56,669] multiqc                                            [DEBUG  ]  No samples found: skewer
[2019-09-30 23:06:56,683] multiqc                                            [DEBUG  ]  No samples found: sortmerna
[2019-09-30 23:06:56,697] multiqc                                            [DEBUG  ]  No samples found: biobloomtools
[2019-09-30 23:06:56,711] multiqc                                            [DEBUG  ]  No samples found: fastq_screen
[2019-09-30 23:06:56,726] multiqc                                            [DEBUG  ]  No samples found: fastqc
[2019-09-30 23:06:56,740] multiqc                                            [DEBUG  ]  No samples found: clusterflow
[2019-09-30 23:06:56,754] multiqc                                            [DEBUG  ]  No samples found: bcl2fastq
[2019-09-30 23:06:56,768] multiqc                                            [DEBUG  ]  No samples found: interop
[2019-09-30 23:06:56,835] multiqc                                            [INFO   ]  Compressing plot data
[2019-09-30 23:06:57,018] multiqc                                            [INFO   ]  Report      : output_example/genome/report_align_count.html
[2019-09-30 23:06:57,018] multiqc                                            [INFO   ]  Data        : output_example/genome/report_align_count_data
[2019-09-30 23:06:57,020] multiqc                                            [DEBUG  ]  Moving data file from '/tmp/tmpp5lbqb0g/multiqc_data/multiqc_general_stats.txt' to '/export/jonassenfs/xiaokangz/project/temp/RNA-Seq-analysis/output_example/genome/report_align_count_data'
[2019-09-30 23:06:57,025] multiqc                                            [DEBUG  ]  Moving data file from '/tmp/tmpp5lbqb0g/multiqc_data/multiqc_featureCounts.txt' to '/export/jonassenfs/xiaokangz/project/temp/RNA-Seq-analysis/output_example/genome/report_align_count_data'
[2019-09-30 23:06:57,030] multiqc                                            [DEBUG  ]  Moving data file from '/tmp/tmpp5lbqb0g/multiqc_data/multiqc_data.json' to '/export/jonassenfs/xiaokangz/project/temp/RNA-Seq-analysis/output_example/genome/report_align_count_data'
[2019-09-30 23:06:57,039] multiqc                                            [DEBUG  ]  Moving data file from '/tmp/tmpp5lbqb0g/multiqc_data/multiqc_sources.txt' to '/export/jonassenfs/xiaokangz/project/temp/RNA-Seq-analysis/output_example/genome/report_align_count_data'
[2019-09-30 23:06:57,449] multiqc                                            [INFO   ]  MultiQC complete
