[2019-09-01 17:35:20.934] [jointLog] [info] Fragment incompatibility prior below threshold.  Incompatible fragments will be ignored.
[2019-09-01 17:35:20.934] [jointLog] [info] Usage of --validateMappings implies use of minScoreFraction. Since not explicitly specified, it is being set to 0.65
[2019-09-01 17:35:20.934] [jointLog] [info] Usage of --validateMappings, without --hardFilter implies use of range factorization. rangeFactorizationBins is being set to 4
[2019-09-01 17:35:20.934] [jointLog] [info] Usage of --validateMappings implies a default consensus slack of 0.2. Setting consensusSlack to 0.2.
[2019-09-01 17:35:20.934] [jointLog] [info] parsing read library format
[2019-09-01 17:35:20.934] [jointLog] [info] There is 1 library.
[2019-09-01 17:35:21.020] [jointLog] [info] Loading Quasi index
[2019-09-01 17:35:21.021] [jointLog] [info] Loading 32-bit quasi index
[2019-09-01 17:35:21.261] [jointLog] [info] done
[2019-09-01 17:35:21.261] [jointLog] [info] Index contained 1,109 targets
[2019-09-01 17:35:22.296] [jointLog] [info] Computed 102 rich equivalence classes for further processing
[2019-09-01 17:35:22.296] [jointLog] [info] Counted 44,362 total reads in the equivalence classes 
[2019-09-01 17:35:22.325] [jointLog] [info] Number of mappings discarded because of alignment score : 77
[2019-09-01 17:35:22.325] [jointLog] [info] Number of fragments entirely discarded because of alignment score : 841
[2019-09-01 17:35:22.325] [jointLog] [info] Number of fragments discarded because they are best-mapped to decoys : 0
[2019-09-01 17:35:22.325] [jointLog] [info] Number of fragments discarded because they have only dovetail (discordant) mappings : 35
[2019-09-01 17:35:22.326] [jointLog] [warning] Only 44362 fragments were mapped, but the number of burn-in fragments was set to 5000000.
The effective lengths have been computed using the observed mappings.

[2019-09-01 17:35:22.326] [jointLog] [info] Mapping rate = 89.238%

[2019-09-01 17:35:22.326] [jointLog] [info] finished quantifyLibrary()
[2019-09-01 17:35:22.329] [jointLog] [info] Starting optimizer
[2019-09-01 17:35:22.333] [jointLog] [info] Marked 0 weighted equivalence classes as degenerate
[2019-09-01 17:35:22.334] [jointLog] [info] iteration = 0 | max rel diff. = 1861.56
[2019-09-01 17:35:22.337] [jointLog] [info] iteration 11, adjusting effective lengths to account for biases
[2019-09-01 17:35:22.360] [jointLog] [info] Computed expected counts (for bias correction)
[2019-09-01 17:35:22.361] [jointLog] [info] processed bias for 0.1% of the transcripts
[2019-09-01 17:35:22.374] [jointLog] [info] processed bias for 100.0% of the transcripts
[2019-09-01 17:35:22.398] [jointLog] [info] iteration = 100 | max rel diff. = 2.21543e-16
[2019-09-01 17:35:22.398] [jointLog] [info] Finished optimizer
[2019-09-01 17:35:22.398] [jointLog] [info] writing output 

[2019-09-01 17:35:22.297] [fileLog] [info] 
At end of round 0
==================
Observed 49712 total fragments (49712 in most recent round)

