[2020-03-30 20:08:37,601] multiqc                                            [DEBUG  ]  No MultiQC config found: /export/jonassenfs/xiaokangz/tools/miniconda3/envs/rasflow/lib/python3.6/site-packages/multiqc_config.yaml
[2020-03-30 20:08:37,601] multiqc                                            [DEBUG  ]  No MultiQC config found: /Home/ii/xiaokangz/.multiqc_config.yaml
[2020-03-30 20:08:37,602] multiqc                                            [DEBUG  ]  No MultiQC config found: multiqc_config.yaml
[2020-03-30 20:08:37,602] multiqc                                            [DEBUG  ]  Command used: /export/jonassenfs/xiaokangz/tools/miniconda3/envs/rasflow/bin/multiqc output/bwa/genome/countFile/SRR1039508_count.tsv.summary output/bwa/genome/countFile/SRR1039509_count.tsv.summary output/bwa/genome/countFile/SRR1039512_count.tsv.summary output/bwa/genome/countFile/SRR1039513_count.tsv.summary --filename output/bwa/genome/report_align_count.html
[2020-03-30 20:08:38,222] multiqc                                            [WARNING]  MultiQC Version v1.8 now available!
[2020-03-30 20:08:38,222] multiqc                                            [INFO   ]  This is MultiQC v1.5.dev0
[2020-03-30 20:08:38,223] multiqc                                            [DEBUG  ]  Command     : /export/jonassenfs/xiaokangz/tools/miniconda3/envs/rasflow/bin/multiqc output/bwa/genome/countFile/SRR1039508_count.tsv.summary output/bwa/genome/countFile/SRR1039509_count.tsv.summary output/bwa/genome/countFile/SRR1039512_count.tsv.summary output/bwa/genome/countFile/SRR1039513_count.tsv.summary --filename output/bwa/genome/report_align_count.html
[2020-03-30 20:08:38,223] multiqc                                            [DEBUG  ]  Working dir : /export/jonassenfs/xiaokangz/project/RASflow
[2020-03-30 20:08:38,223] multiqc                                            [INFO   ]  Template    : default
[2020-03-30 20:08:38,223] multiqc                                            [INFO   ]  Searching 'output/bwa/genome/countFile/SRR1039508_count.tsv.summary'
[2020-03-30 20:08:38,223] multiqc                                            [INFO   ]  Searching 'output/bwa/genome/countFile/SRR1039509_count.tsv.summary'
[2020-03-30 20:08:38,224] multiqc                                            [INFO   ]  Searching 'output/bwa/genome/countFile/SRR1039512_count.tsv.summary'
[2020-03-30 20:08:38,224] multiqc                                            [INFO   ]  Searching 'output/bwa/genome/countFile/SRR1039513_count.tsv.summary'
[2020-03-30 20:08:38,225] multiqc                                            [DEBUG  ]  Analysing modules: afterqc, custom_content, conpair, peddy, methylQA, qualimap, preseq, quast, qorts, rna_seqc, rsem, rseqc, busco, goleft_indexcov, disambiguate, supernova, deeptools, sargasso, verifybamid, homer, macs2, theta2, snpeff, gatk, htseq, bcftools, featureCounts, picard, prokka, samblaster, samtools, bamtools, jellyfish, vcftools, bbmap, bismark, hicexplorer, hicup, salmon, kallisto, slamdunk, star, hisat2, tophat, bowtie2, bowtie1, leehom, adapterRemoval, cutadapt, flexbar, trimmomatic, skewer, sortmerna, biobloomtools, fastq_screen, fastqc, clusterflow, bcl2fastq, interop
[2020-03-30 20:08:38,226] multiqc                                            [DEBUG  ]  Using temporary directory for creating report: /tmp/tmpn7v6_dz5
[2020-03-30 20:08:39,383] multiqc                                            [DEBUG  ]  No samples found: afterqc
[2020-03-30 20:08:39,403] multiqc                                            [DEBUG  ]  No samples found: custom_content
[2020-03-30 20:08:39,417] multiqc                                            [DEBUG  ]  No samples found: conpair
[2020-03-30 20:08:39,432] multiqc                                            [DEBUG  ]  No samples found: peddy
[2020-03-30 20:08:39,446] multiqc                                            [DEBUG  ]  No samples found: methylQA
[2020-03-30 20:08:39,464] multiqc                                            [DEBUG  ]  No samples found: qualimap
[2020-03-30 20:08:39,478] multiqc                                            [DEBUG  ]  No samples found: preseq
[2020-03-30 20:08:39,492] multiqc                                            [DEBUG  ]  No samples found: quast
[2020-03-30 20:08:39,506] multiqc                                            [DEBUG  ]  No samples found: qorts
[2020-03-30 20:08:39,521] multiqc                                            [DEBUG  ]  No samples found: rna_seqc
[2020-03-30 20:08:39,535] multiqc                                            [DEBUG  ]  No samples found: rsem
[2020-03-30 20:08:39,568] multiqc                                            [DEBUG  ]  No samples found: rseqc
[2020-03-30 20:08:39,582] multiqc                                            [DEBUG  ]  No samples found: busco
[2020-03-30 20:08:39,597] multiqc                                            [DEBUG  ]  No samples found: goleft_indexcov
[2020-03-30 20:08:39,611] multiqc                                            [DEBUG  ]  No samples found: disambiguate
[2020-03-30 20:08:39,626] multiqc                                            [DEBUG  ]  No samples found: supernova
[2020-03-30 20:08:39,649] multiqc                                            [DEBUG  ]  No samples found: deeptools
[2020-03-30 20:08:39,663] multiqc                                            [DEBUG  ]  No samples found: sargasso
[2020-03-30 20:08:39,677] multiqc                                            [DEBUG  ]  No samples found: verifybamid
[2020-03-30 20:08:39,695] multiqc                                            [DEBUG  ]  No samples found: homer
[2020-03-30 20:08:39,709] multiqc                                            [DEBUG  ]  No samples found: macs2
[2020-03-30 20:08:39,723] multiqc                                            [DEBUG  ]  No samples found: theta2
[2020-03-30 20:08:39,737] multiqc                                            [DEBUG  ]  No samples found: snpeff
[2020-03-30 20:08:39,755] multiqc                                            [DEBUG  ]  No samples found: gatk
[2020-03-30 20:08:39,769] multiqc                                            [DEBUG  ]  No samples found: htseq
[2020-03-30 20:08:39,784] multiqc                                            [DEBUG  ]  No samples found: bcftools
[2020-03-30 20:08:39,808] multiqc.modules.featureCounts.feature_counts       [INFO   ]  Found 4 reports
[2020-03-30 20:08:39,850] multiqc                                            [DEBUG  ]  No samples found: picard
[2020-03-30 20:08:39,865] multiqc                                            [DEBUG  ]  No samples found: prokka
[2020-03-30 20:08:39,879] multiqc                                            [DEBUG  ]  No samples found: samblaster
[2020-03-30 20:08:39,899] multiqc                                            [DEBUG  ]  No samples found: samtools
[2020-03-30 20:08:39,914] multiqc                                            [DEBUG  ]  No samples found: bamtools
[2020-03-30 20:08:39,928] multiqc                                            [DEBUG  ]  No samples found: jellyfish
[2020-03-30 20:08:39,948] multiqc                                            [DEBUG  ]  No samples found: vcftools
[2020-03-30 20:08:39,980] multiqc                                            [DEBUG  ]  No samples found: bbmap
[2020-03-30 20:08:39,994] multiqc                                            [DEBUG  ]  No samples found: bismark
[2020-03-30 20:08:40,008] multiqc                                            [DEBUG  ]  No samples found: hicexplorer
[2020-03-30 20:08:40,023] multiqc                                            [DEBUG  ]  No samples found: hicup
[2020-03-30 20:08:40,038] multiqc                                            [DEBUG  ]  No samples found: salmon
[2020-03-30 20:08:40,053] multiqc                                            [DEBUG  ]  No samples found: kallisto
[2020-03-30 20:08:40,067] multiqc                                            [DEBUG  ]  No samples found: slamdunk
[2020-03-30 20:08:40,082] multiqc                                            [DEBUG  ]  No samples found: star
[2020-03-30 20:08:40,096] multiqc                                            [DEBUG  ]  No samples found: hisat2
[2020-03-30 20:08:40,110] multiqc                                            [DEBUG  ]  No samples found: tophat
[2020-03-30 20:08:40,125] multiqc                                            [DEBUG  ]  No samples found: bowtie2
[2020-03-30 20:08:40,139] multiqc                                            [DEBUG  ]  No samples found: bowtie1
[2020-03-30 20:08:40,153] multiqc                                            [DEBUG  ]  No samples found: leehom
[2020-03-30 20:08:40,168] multiqc                                            [DEBUG  ]  No samples found: adapterRemoval
[2020-03-30 20:08:40,181] multiqc                                            [DEBUG  ]  No samples found: cutadapt
[2020-03-30 20:08:40,195] multiqc                                            [DEBUG  ]  No samples found: flexbar
[2020-03-30 20:08:40,209] multiqc                                            [DEBUG  ]  No samples found: trimmomatic
[2020-03-30 20:08:40,223] multiqc                                            [DEBUG  ]  No samples found: skewer
[2020-03-30 20:08:40,238] multiqc                                            [DEBUG  ]  No samples found: sortmerna
[2020-03-30 20:08:40,252] multiqc                                            [DEBUG  ]  No samples found: biobloomtools
[2020-03-30 20:08:40,265] multiqc                                            [DEBUG  ]  No samples found: fastq_screen
[2020-03-30 20:08:40,280] multiqc                                            [DEBUG  ]  No samples found: fastqc
[2020-03-30 20:08:40,295] multiqc                                            [DEBUG  ]  No samples found: clusterflow
[2020-03-30 20:08:40,310] multiqc                                            [DEBUG  ]  No samples found: bcl2fastq
[2020-03-30 20:08:40,324] multiqc                                            [DEBUG  ]  No samples found: interop
[2020-03-30 20:08:40,336] multiqc                                            [INFO   ]  Compressing plot data
[2020-03-30 20:08:40,345] multiqc                                            [INFO   ]  Report      : output/bwa/genome/report_align_count.html
[2020-03-30 20:08:40,346] multiqc                                            [INFO   ]  Data        : output/bwa/genome/report_align_count_data
[2020-03-30 20:08:40,347] multiqc                                            [DEBUG  ]  Moving data file from '/tmp/tmpn7v6_dz5/multiqc_data/multiqc_general_stats.txt' to '/export/jonassenfs/xiaokangz/project/RASflow/output/bwa/genome/report_align_count_data'
[2020-03-30 20:08:40,353] multiqc                                            [DEBUG  ]  Moving data file from '/tmp/tmpn7v6_dz5/multiqc_data/multiqc_featureCounts.txt' to '/export/jonassenfs/xiaokangz/project/RASflow/output/bwa/genome/report_align_count_data'
[2020-03-30 20:08:40,357] multiqc                                            [DEBUG  ]  Moving data file from '/tmp/tmpn7v6_dz5/multiqc_data/multiqc_data.json' to '/export/jonassenfs/xiaokangz/project/RASflow/output/bwa/genome/report_align_count_data'
[2020-03-30 20:08:40,380] multiqc                                            [DEBUG  ]  Moving data file from '/tmp/tmpn7v6_dz5/multiqc_data/multiqc_sources.txt' to '/export/jonassenfs/xiaokangz/project/RASflow/output/bwa/genome/report_align_count_data'
[2020-03-30 20:08:40,789] multiqc                                            [INFO   ]  MultiQC complete
